<?xml version="1.0" encoding="UTF-8"?>
<!-- Generated by org.testng.reporters.JUnitReportReporter -->
<testsuite skipped="0" hostname="DESKTOP-ALME922" name="com.w2a.testcases.LoginTest" tests="1" failures="0" timestamp="20 May 2020 18:03:13 GMT" time="3.427" errors="0">
  <testcase name="loginTest" time="3.427" classname="com.w2a.testcases.LoginTest"/>
</testsuite> <!-- com.w2a.testcases.LoginTest -->
