<?xml version="1.0" encoding="UTF-8"?>
<!-- Generated by org.testng.reporters.JUnitReportReporter -->
<testsuite skipped="1" hostname="DESKTOP-ALME922" name="com.w2a.testcases.LoginTest" tests="1" failures="0" timestamp="21 May 2020 16:58:59 GMT" time="0.001" errors="0">
  <testcase name="loginTest" time="0.001" classname="com.w2a.testcases.LoginTest">
    <skipped/>
  </testcase> <!-- loginTest -->
</testsuite> <!-- com.w2a.testcases.LoginTest -->
