<?xml version="1.0" encoding="UTF-8"?>
<!-- Generated by org.testng.reporters.JUnitReportReporter -->
<testsuite skipped="0" hostname="DESKTOP-ALME922" name="com.w2a.testcases.OpenAccountTest" tests="1" failures="0" timestamp="16 May 2020 03:20:44 GMT" time="3.120" errors="0">
  <testcase name="openAccountTest" time="3.120" classname="com.w2a.testcases.OpenAccountTest"/>
</testsuite> <!-- com.w2a.testcases.OpenAccountTest -->
