<?xml version="1.0" encoding="UTF-8"?>
<!-- Generated by org.testng.reporters.JUnitReportReporter -->
<testsuite skipped="0" hostname="DESKTOP-ALME922" name="com.w2a.testcases.LoginTest" tests="1" failures="0" timestamp="16 May 2020 03:20:44 GMT" time="7.242" errors="0">
  <testcase name="loginTest" time="7.242" classname="com.w2a.testcases.LoginTest"/>
</testsuite> <!-- com.w2a.testcases.LoginTest -->
