<?xml version="1.0" encoding="UTF-8"?>
<!-- Generated by org.testng.reporters.JUnitReportReporter -->
<testsuite skipped="0" hostname="DESKTOP-ALME922" name="com.w2a.testcases.AddCustomerTest" tests="3" failures="0" timestamp="20 May 2020 18:03:13 GMT" time="28.511" errors="0">
  <testcase name="addCustomerTest" time="9.330" classname="com.w2a.testcases.AddCustomerTest"/>
  <testcase name="addCustomerTest" time="9.355" classname="com.w2a.testcases.AddCustomerTest"/>
  <testcase name="addCustomerTest" time="9.826" classname="com.w2a.testcases.AddCustomerTest"/>
</testsuite> <!-- com.w2a.testcases.AddCustomerTest -->
