<?xml version="1.0" encoding="UTF-8"?>
<!-- Generated by org.testng.reporters.JUnitReportReporter -->
<testsuite skipped="0" hostname="DESKTOP-ALME922" name="com.w2a.testcases.AddCustomerTest" tests="3" failures="0" timestamp="16 May 2020 03:20:44 GMT" time="28.680" errors="0">
  <testcase name="addCustomerTest" time="9.369" classname="com.w2a.testcases.AddCustomerTest"/>
  <testcase name="addCustomerTest" time="9.436" classname="com.w2a.testcases.AddCustomerTest"/>
  <testcase name="addCustomerTest" time="9.875" classname="com.w2a.testcases.AddCustomerTest"/>
</testsuite> <!-- com.w2a.testcases.AddCustomerTest -->
